MARS 4.2  Copyright 2003-2012 Pete Sanderson and Kenneth Vollmar


Enter integer #1: Enter more ints? (n or N = no, others = yes) 

beginning a1: 4  
          a2: 4  
          a3: 
processed a1: 4  
          a2: 
          a3: 

Do another case? (n or N = no, others = yes) 
Enter integer #1: Enter more ints? (n or N = no, others = yes) 

beginning a1: 5  
          a2: 
          a3: 5  
processed a1: 5  
          a2: 
          a3: 

Do another case? (n or N = no, others = yes) 
Enter integer #1: Enter more ints? (n or N = no, others = yes) 
Enter integer #2: Enter more ints? (n or N = no, others = yes) 

beginning a1: 4  5  
          a2: 4  
          a3: 5  
processed a1: 4  5  
          a2: 
          a3: 5  

Do another case? (n or N = no, others = yes) 
Enter integer #1: Enter more ints? (n or N = no, others = yes) 
Enter integer #2: Enter more ints? (n or N = no, others = yes) 

beginning a1: 5  3  
          a2: 
          a3: 3  5  
processed a1: 3  5  
          a2: 3  
          a3: 5  

Do another case? (n or N = no, others = yes) 
Enter integer #1: Enter more ints? (n or N = no, others = yes) 
Enter integer #2: Enter more ints? (n or N = no, others = yes) 
Enter integer #3: Enter more ints? (n or N = no, others = yes) 
Enter integer #4: Enter more ints? (n or N = no, others = yes) 

beginning a1: 8  6  3  4  
          a2: 4  6  8  
          a3: 3  
processed a1: 3  4  6  8  
          a2: 3  4  
          a3: 6  8  

Do another case? (n or N = no, others = yes) 
Enter integer #1: Enter more ints? (n or N = no, others = yes) 
Enter integer #2: Enter more ints? (n or N = no, others = yes) 
Enter integer #3: Enter more ints? (n or N = no, others = yes) 
Enter integer #4: Enter more ints? (n or N = no, others = yes) 
Enter integer #5: Enter more ints? (n or N = no, others = yes) 

beginning a1: 1  3  4  6  7  
          a2: 4  6  
          a3: 1  3  7  
processed a1: 1  3  4  6  7  
          a2: 1  3  
          a3: 6  7  

Do another case? (n or N = no, others = yes) 
Enter integer #1: Enter more ints? (n or N = no, others = yes) 
Enter integer #2: Enter more ints? (n or N = no, others = yes) 
Enter integer #3: Enter more ints? (n or N = no, others = yes) 
Enter integer #4: Enter more ints? (n or N = no, others = yes) 

beginning a1: 4  4  4  4  
          a2: 4  4  4  4  
          a3: 
processed a1: 4  4  4  4  
          a2: 
          a3: 

Do another case? (n or N = no, others = yes) 
Enter integer #1: Enter more ints? (n or N = no, others = yes) 
Enter integer #2: Enter more ints? (n or N = no, others = yes) 
Enter integer #3: Enter more ints? (n or N = no, others = yes) 
Enter integer #4: Enter more ints? (n or N = no, others = yes) 
Enter integer #5: Enter more ints? (n or N = no, others = yes) 

beginning a1: 5  5  5  5  5  
          a2: 
          a3: 5  5  5  5  5  
processed a1: 5  5  5  5  5  
          a2: 
          a3: 

Do another case? (n or N = no, others = yes) 
Enter integer #1: Enter more ints? (n or N = no, others = yes) 
Enter integer #2: Enter more ints? (n or N = no, others = yes) 
Enter integer #3: Enter more ints? (n or N = no, others = yes) 
Enter integer #4: Enter more ints? (n or N = no, others = yes) 
Enter integer #5: Enter more ints? (n or N = no, others = yes) 
Enter integer #6: Enter more ints? (n or N = no, others = yes) 
Enter integer #7: Enter more ints? (n or N = no, others = yes) 
Enter integer #8: Enter more ints? (n or N = no, others = yes) 
Enter integer #9: Enter more ints? (n or N = no, others = yes) 
Enter integer #10: Enter more ints? (n or N = no, others = yes) 
Enter integer #11: Enter more ints? (n or N = no, others = yes) 
Enter integer #12: Max of 12 ints entered...

beginning a1: 5  2  9  0  7  1  3  6  5  5  8  2  
          a2: 0  2  2  6  8  
          a3: 1  3  5  5  5  7  9  
processed a1: 0  1  2  2  3  5  5  5  6  7  8  9  
          a2: 0  1  2  2  3  
          a3: 5  5  5  6  7  8  9  

Do another case? (n or N = no, others = yes) 
Enter integer #1: Enter more ints? (n or N = no, others = yes) 
Enter integer #2: Enter more ints? (n or N = no, others = yes) 
Enter integer #3: Enter more ints? (n or N = no, others = yes) 
Enter integer #4: Enter more ints? (n or N = no, others = yes) 
Enter integer #5: Enter more ints? (n or N = no, others = yes) 
Enter integer #6: Enter more ints? (n or N = no, others = yes) 
Enter integer #7: Enter more ints? (n or N = no, others = yes) 
Enter integer #8: Enter more ints? (n or N = no, others = yes) 
Enter integer #9: Enter more ints? (n or N = no, others = yes) 
Enter integer #10: Enter more ints? (n or N = no, others = yes) 
Enter integer #11: Enter more ints? (n or N = no, others = yes) 
Enter integer #12: Max of 12 ints entered...

beginning a1: 5  2  9  0  7  1  3  6  4  4  8  2  
          a2: 0  2  2  4  4  6  8  
          a3: 1  3  5  7  9  
processed a1: 0  1  2  2  3  4  4  5  6  7  8  9  
          a2: 0  1  2  2  3  
          a3: 5  6  7  8  9  

Do another case? (n or N = no, others = yes) 
================================
bye...
================================

